0 info it worked if it ends with ok
1 verbose cli [ 'node', '/usr/local/bin/npm', 'init' ]
2 info using npm@2.7.0
3 info using node@v0.10.33
4 verbose node symlink /usr/local/bin/node
5 silly package data undefined
6 info init written successfully
7 verbose stack Error: Invalid version: "1.0"
7 verbose stack     at Object.module.exports.fixVersionField (/usr/local/lib/node_modules/npm/node_modules/normalize-package-data/lib/fixer.js:190:13)
7 verbose stack     at /usr/local/lib/node_modules/npm/node_modules/normalize-package-data/lib/normalize.js:30:38
7 verbose stack     at Array.forEach (native)
7 verbose stack     at normalize (/usr/local/lib/node_modules/npm/node_modules/normalize-package-data/lib/normalize.js:29:15)
7 verbose stack     at final (/usr/local/lib/node_modules/npm/node_modules/read-package-json/read-json.js:367:33)
7 verbose stack     at then (/usr/local/lib/node_modules/npm/node_modules/read-package-json/read-json.js:126:33)
7 verbose stack     at /usr/local/lib/node_modules/npm/node_modules/read-package-json/read-json.js:331:40
7 verbose stack     at evalmachine.<anonymous>:271:14
7 verbose stack     at /usr/local/lib/node_modules/npm/node_modules/graceful-fs/graceful-fs.js:102:5
7 verbose stack     at Object.oncomplete (evalmachine.<anonymous>:107:15)
8 verbose cwd /Users/apprentice/Desktop/DBC/node-workshop
9 error Darwin 14.1.0
10 error argv "node" "/usr/local/bin/npm" "init"
11 error node v0.10.33
12 error npm  v2.7.0
13 error Invalid version: "1.0"
14 error If you need help, you may report this error at:
14 error     <http://github.com/npm/npm/issues>
15 verbose exit [ 1, true ]
